  [1m[36m (0.5ms)[0m  [1mCREATE TABLE "schema_migrations" ("version" varchar NOT NULL) [0m
  [1m[35m (0.0ms)[0m  select sqlite_version(*)
  [1m[36m (0.5ms)[0m  [1mCREATE UNIQUE INDEX "unique_schema_migrations" ON "schema_migrations" ("version")[0m
  [1m[35mActiveRecord::SchemaMigration Load (0.0ms)[0m  SELECT "schema_migrations".* FROM "schema_migrations"
Migrating to CreateMovies (20111119180638)
  [1m[36m (0.0ms)[0m  [1mbegin transaction[0m
DEPRECATION WARNING: `#timestamps` was called without specifying an option for `null`. In Rails 5, this behavior will change to `null: false`. You should manually specify `null: true` to prevent the behavior of your existing migrations from changing. (called from block in up at /Users/rubywang/Desktop/personal information/coursework/saas/project/xfjcox2007-4152-group33-personalizedressme/db/migrate/20111119180638_create_movies.rb:10)
  [1m[35m (0.2ms)[0m  CREATE TABLE "movies" ("id" INTEGER PRIMARY KEY AUTOINCREMENT NOT NULL, "title" varchar, "rating" varchar, "description" text, "release_date" datetime, "created_at" datetime, "updated_at" datetime) 
  [1m[36mSQL (0.1ms)[0m  [1mINSERT INTO "schema_migrations" ("version") VALUES (?)[0m  [["version", "20111119180638"]]
  [1m[35m (0.3ms)[0m  commit transaction
  [1m[36mActiveRecord::SchemaMigration Load (0.0ms)[0m  [1mSELECT "schema_migrations".* FROM "schema_migrations"[0m
  [1m[36m (15.6ms)[0m  [1mCREATE TABLE "movies" ("id" INTEGER PRIMARY KEY AUTOINCREMENT NOT NULL, "title" varchar, "rating" varchar, "description" text, "release_date" datetime, "created_at" datetime, "updated_at" datetime) [0m
  [1m[35m (0.4ms)[0m  CREATE TABLE "schema_migrations" ("version" varchar NOT NULL) 
  [1m[36m (0.0ms)[0m  [1mselect sqlite_version(*)[0m
  [1m[35m (0.3ms)[0m  CREATE UNIQUE INDEX "unique_schema_migrations" ON "schema_migrations" ("version")
  [1m[36m (0.0ms)[0m  [1mSELECT version FROM "schema_migrations"[0m
  [1m[35m (0.3ms)[0m  INSERT INTO "schema_migrations" (version) VALUES ('20111119180638')


Started GET "/" for 127.0.0.1 at 2022-10-27 14:38:56 -0400


Started GET "/movies" for 127.0.0.1 at 2022-10-27 14:38:56 -0400
Processing by MoviesController#index as HTML
  [1m[36mMovie Load (0.9ms)[0m  [1mSELECT "movies".* FROM "movies"[0m
  Rendered movies/index.html.erb within layouts/application (6.0ms)
  Rendered layouts/_flash.erb (1.0ms)
Completed 200 OK in 327ms (Views: 294.2ms | ActiveRecord: 1.0ms)


Started GET "/assets/jquery.self-660adc51e0224b731d29f575a6f1ec167ba08ad06ed5deca4f1e8654c135bf4c.js?body=1" for 127.0.0.1 at 2022-10-27 14:38:56 -0400


Started GET "/assets/application.self-816c3a1ca9cd759bf036bebeaa44ee66624e205fc71bdd3287d427dca9c59c96.css?body=1" for 127.0.0.1 at 2022-10-27 14:38:56 -0400


Started GET "/assets/jquery_ujs.self-e87806d0cf4489aeb1bb7288016024e8de67fd18db693fe026fe3907581e53cd.js?body=1" for 127.0.0.1 at 2022-10-27 14:38:56 -0400


Started GET "/assets/application.self-377610cd7c1509e934744c810e3b4cf672dfbcacac3274e7d039827e2ae0fcc7.js?body=1" for 127.0.0.1 at 2022-10-27 14:38:56 -0400


Started GET "/movies" for 127.0.0.1 at 2022-10-27 14:45:38 -0400
Processing by MoviesController#index as HTML
  Rendered movies/index.html.erb within layouts/application (0.8ms)
  Rendered layouts/_flash.erb (0.3ms)
Completed 200 OK in 221ms (Views: 204.7ms | ActiveRecord: 0.0ms)


Started GET "/movies" for ::1 at 2022-10-27 14:50:50 -0400
Processing by MoviesController#index as HTML
  Rendered movies/index.html.erb within layouts/application (0.9ms)
  Rendered layouts/_flash.erb (0.3ms)
Completed 200 OK in 238ms (Views: 220.9ms | ActiveRecord: 0.0ms)


Started GET "/movies" for ::1 at 2022-10-27 14:50:53 -0400
Processing by MoviesController#index as HTML
  Rendered movies/index.html.erb within layouts/application (0.1ms)
  Rendered layouts/_flash.erb (0.1ms)
Completed 200 OK in 51ms (Views: 50.4ms | ActiveRecord: 0.0ms)


Started GET "/movies" for ::1 at 2022-10-27 14:50:54 -0400
Processing by MoviesController#index as HTML
  Rendered movies/index.html.erb within layouts/application (0.1ms)
  Rendered layouts/_flash.erb (0.1ms)
Completed 200 OK in 23ms (Views: 22.0ms | ActiveRecord: 0.0ms)


Started GET "/movies" for ::1 at 2022-10-27 14:50:59 -0400
Processing by MoviesController#index as HTML
  Rendered movies/index.html.erb within layouts/application (0.0ms)
  Rendered layouts/_flash.erb (0.1ms)
Completed 200 OK in 9ms (Views: 8.4ms | ActiveRecord: 0.0ms)


Started GET "/movies" for ::1 at 2022-10-27 14:51:09 -0400
Processing by MoviesController#index as HTML
  Rendered movies/index.html.erb within layouts/application (0.1ms)
  Rendered layouts/_flash.erb (0.1ms)
Completed 200 OK in 21ms (Views: 20.5ms | ActiveRecord: 0.0ms)


Started GET "/movies" for ::1 at 2022-10-27 14:51:10 -0400
Processing by MoviesController#index as HTML
  Rendered movies/index.html.erb within layouts/application (0.0ms)
  Rendered layouts/_flash.erb (0.0ms)
Completed 200 OK in 14ms (Views: 13.7ms | ActiveRecord: 0.0ms)


Started GET "/movies" for ::1 at 2022-10-27 14:51:47 -0400
Processing by MoviesController#index as HTML
  Rendered movies/index.html.erb within layouts/application (1.3ms)
  Rendered layouts/_flash.erb (0.3ms)
Completed 200 OK in 245ms (Views: 225.9ms | ActiveRecord: 0.0ms)


Started GET "/movies" for ::1 at 2022-10-27 14:55:47 -0400
Processing by MoviesController#index as HTML
  Rendered movies/index.html.erb within layouts/application (1.1ms)
  Rendered layouts/_flash.erb (0.3ms)
Completed 200 OK in 250ms (Views: 233.9ms | ActiveRecord: 0.0ms)


Started GET "/movies/new" for ::1 at 2022-10-27 14:55:52 -0400
Processing by MoviesController#new as HTML
  Rendered movies/new.html.erb within layouts/application (39.4ms)
  Rendered layouts/_flash.erb (0.1ms)
Completed 200 OK in 56ms (Views: 55.0ms | ActiveRecord: 0.0ms)


Started GET "/movies/new" for ::1 at 2022-10-27 14:55:58 -0400
Processing by MoviesController#new as HTML
  Rendered movies/new.html.erb within layouts/application (6.0ms)
  Rendered layouts/_flash.erb (0.1ms)
Completed 200 OK in 24ms (Views: 24.1ms | ActiveRecord: 0.0ms)


Started GET "/movies" for ::1 at 2022-10-27 15:09:16 -0400
Processing by MoviesController#index as HTML
  Rendered movies/index.html.erb within layouts/application (1.4ms)
  Rendered layouts/_flash.erb (0.4ms)
Completed 200 OK in 245ms (Views: 227.0ms | ActiveRecord: 0.0ms)


Started GET "/movies/new" for ::1 at 2022-10-27 15:09:21 -0400
Processing by MoviesController#new as HTML
  Rendered movies/new.html.erb within layouts/application (60.0ms)
  Rendered layouts/_flash.erb (0.1ms)
Completed 200 OK in 71ms (Views: 70.5ms | ActiveRecord: 0.0ms)


Started GET "/movies" for ::1 at 2022-10-27 15:09:49 -0400
Processing by MoviesController#index as HTML
  Rendered movies/index.html.erb within layouts/application (1.1ms)
  Rendered layouts/_flash.erb (0.3ms)
Completed 200 OK in 237ms (Views: 220.8ms | ActiveRecord: 0.0ms)


Started GET "/movies/new" for ::1 at 2022-10-27 15:09:54 -0400
Processing by MoviesController#new as HTML
  Rendered movies/new.html.erb within layouts/application (33.0ms)
  Rendered layouts/_flash.erb (0.1ms)
Completed 200 OK in 48ms (Views: 47.3ms | ActiveRecord: 0.0ms)


Started GET "/movies/new" for ::1 at 2022-10-27 15:20:22 -0400

SyntaxError (/Users/rubywang/Desktop/personal information/coursework/saas/project/xfjcox2007-4152-group33-personalizedressme/app/controllers/movies_controller.rb:54: syntax error, unexpected end-of-input, expecting end):
  app/controllers/movies_controller.rb:54: syntax error, unexpected end-of-input, expecting end


  Rendered /Users/rubywang/.rbenv/versions/2.6.6/lib/ruby/gems/2.6.0/gems/actionpack-4.2.10/lib/action_dispatch/middleware/templates/rescues/_source.erb (3.8ms)
  Rendered /Users/rubywang/.rbenv/versions/2.6.6/lib/ruby/gems/2.6.0/gems/actionpack-4.2.10/lib/action_dispatch/middleware/templates/rescues/_trace.html.erb (1.5ms)
  Rendered /Users/rubywang/.rbenv/versions/2.6.6/lib/ruby/gems/2.6.0/gems/actionpack-4.2.10/lib/action_dispatch/middleware/templates/rescues/_request_and_response.html.erb (3.5ms)
  Rendered /Users/rubywang/.rbenv/versions/2.6.6/lib/ruby/gems/2.6.0/gems/actionpack-4.2.10/lib/action_dispatch/middleware/templates/rescues/diagnostics.html.erb within rescues/layout (16.9ms)


Started GET "/movies/new" for ::1 at 2022-10-27 15:20:48 -0400
Processing by MoviesController#new as HTML
  Rendered movies/new.html.erb within layouts/application (29.3ms)
  Rendered layouts/_flash.erb (0.4ms)
Completed 200 OK in 265ms (Views: 265.0ms | ActiveRecord: 0.0ms)


Started GET "/movies/new" for ::1 at 2022-10-27 15:20:54 -0400
Processing by MoviesController#new as HTML
  Rendered movies/new.html.erb within layouts/application (7.4ms)
  Rendered layouts/_flash.erb (0.1ms)
Completed 200 OK in 21ms (Views: 20.4ms | ActiveRecord: 0.0ms)


Started GET "/movies" for ::1 at 2022-10-27 15:21:10 -0400
Processing by MoviesController#index as HTML
  Rendered movies/index.html.erb within layouts/application (1.1ms)
  Rendered layouts/_flash.erb (0.1ms)
Completed 200 OK in 52ms (Views: 14.7ms | ActiveRecord: 0.0ms)


Started GET "/search?utf8=%E2%9C%93&search=intern" for ::1 at 2022-10-27 15:21:14 -0400
Processing by MoviesController#search as HTML
  Parameters: {"utf8"=>"✓", "search"=>"intern"}
  Rendered movies/search.erb within layouts/application (1.3ms)
  Rendered layouts/_flash.erb (0.1ms)
Completed 200 OK in 23ms (Views: 23.1ms | ActiveRecord: 0.0ms)


Started GET "/movies" for ::1 at 2022-10-27 15:23:07 -0400
Processing by MoviesController#index as HTML
  Rendered movies/index.html.erb within layouts/application (1.2ms)
  Rendered layouts/_flash.erb (1.0ms)
Completed 200 OK in 252ms (Views: 223.2ms | ActiveRecord: 0.0ms)


Started GET "/search?utf8=%E2%9C%93&search=intern" for ::1 at 2022-10-27 15:23:10 -0400
Processing by MoviesController#search as HTML
  Parameters: {"utf8"=>"✓", "search"=>"intern"}
  Rendered movies/search.erb within layouts/application (30.1ms)
Completed 500 Internal Server Error in 34ms (ActiveRecord: 0.0ms)

ActionView::Template::Error (undefined method `each' for "intern":String):
    1: <h3> Search Results</h3>
    2: <% @parameter.each do |parameter| %>
    3:   <%= parameter %><br>
    4: <% end %>
  app/views/movies/search.erb:2:in `_app_views_movies_search_erb___190034658501017457_2166563800'


  Rendered /Users/rubywang/.rbenv/versions/2.6.6/lib/ruby/gems/2.6.0/gems/actionpack-4.2.10/lib/action_dispatch/middleware/templates/rescues/_source.erb (5.7ms)
  Rendered /Users/rubywang/.rbenv/versions/2.6.6/lib/ruby/gems/2.6.0/gems/actionpack-4.2.10/lib/action_dispatch/middleware/templates/rescues/_trace.html.erb (2.2ms)
  Rendered /Users/rubywang/.rbenv/versions/2.6.6/lib/ruby/gems/2.6.0/gems/actionpack-4.2.10/lib/action_dispatch/middleware/templates/rescues/_request_and_response.html.erb (0.9ms)
  Rendered /Users/rubywang/.rbenv/versions/2.6.6/lib/ruby/gems/2.6.0/gems/actionpack-4.2.10/lib/action_dispatch/middleware/templates/rescues/template_error.html.erb within rescues/layout (13.9ms)


Started GET "/search?utf8=%E2%9C%93&search=intern" for ::1 at 2022-10-27 15:23:45 -0400
Processing by MoviesController#search as HTML
  Parameters: {"utf8"=>"✓", "search"=>"intern"}
  Rendered movies/search.erb within layouts/application (1.0ms)
  Rendered layouts/_flash.erb (0.4ms)
Completed 200 OK in 237ms (Views: 237.1ms | ActiveRecord: 0.0ms)


Started GET "/search?utf8=%E2%9C%93&search=intern" for ::1 at 2022-10-27 15:23:50 -0400
Processing by MoviesController#search as HTML
  Parameters: {"utf8"=>"✓", "search"=>"intern"}
  Rendered movies/search.erb within layouts/application (0.1ms)
  Rendered layouts/_flash.erb (0.1ms)
Completed 200 OK in 31ms (Views: 30.6ms | ActiveRecord: 0.0ms)


Started GET "/dresses" for 127.0.0.1 at 2022-10-27 15:47:27 -0400

ActionController::RoutingError (No route matches [GET] "/dresses"):
  actionpack (4.2.10) lib/action_dispatch/middleware/debug_exceptions.rb:21:in `call'
  actionpack (4.2.10) lib/action_dispatch/middleware/show_exceptions.rb:30:in `call'
  railties (4.2.10) lib/rails/rack/logger.rb:38:in `call_app'
  railties (4.2.10) lib/rails/rack/logger.rb:20:in `block in call'
  activesupport (4.2.10) lib/active_support/tagged_logging.rb:68:in `block in tagged'
  activesupport (4.2.10) lib/active_support/tagged_logging.rb:26:in `tagged'
  activesupport (4.2.10) lib/active_support/tagged_logging.rb:68:in `tagged'
  railties (4.2.10) lib/rails/rack/logger.rb:20:in `call'
  actionpack (4.2.10) lib/action_dispatch/middleware/request_id.rb:21:in `call'
  rack (1.6.10) lib/rack/methodoverride.rb:22:in `call'
  rack (1.6.10) lib/rack/runtime.rb:18:in `call'
  activesupport (4.2.10) lib/active_support/cache/strategy/local_cache_middleware.rb:28:in `call'
  rack (1.6.10) lib/rack/lock.rb:17:in `call'
  actionpack (4.2.10) lib/action_dispatch/middleware/static.rb:120:in `call'
  rack (1.6.10) lib/rack/sendfile.rb:113:in `call'
  railties (4.2.10) lib/rails/engine.rb:518:in `call'
  railties (4.2.10) lib/rails/application.rb:165:in `call'
  railties (4.2.10) lib/rails/railtie.rb:194:in `public_send'
  railties (4.2.10) lib/rails/railtie.rb:194:in `method_missing'
  rack (1.6.10) lib/rack/tempfile_reaper.rb:15:in `call'
  rack (1.6.10) lib/rack/lint.rb:49:in `_call'
  rack (1.6.10) lib/rack/lint.rb:37:in `call'
  rack (1.6.10) lib/rack/showexceptions.rb:24:in `call'
  rack (1.6.10) lib/rack/commonlogger.rb:33:in `call'
  rack (1.6.10) lib/rack/chunked.rb:54:in `call'
  rack (1.6.10) lib/rack/content_length.rb:15:in `call'
  rack (1.6.10) lib/rack/handler/webrick.rb:88:in `service'
  /Users/yachilee/.rbenv/versions/2.6.6/lib/ruby/2.6.0/webrick/httpserver.rb:140:in `service'
  /Users/yachilee/.rbenv/versions/2.6.6/lib/ruby/2.6.0/webrick/httpserver.rb:96:in `run'
  /Users/yachilee/.rbenv/versions/2.6.6/lib/ruby/2.6.0/webrick/server.rb:307:in `block in start_thread'


  Rendered /Users/yachilee/.gem/ruby/2.6.0/gems/actionpack-4.2.10/lib/action_dispatch/middleware/templates/rescues/_trace.html.erb (0.8ms)
  Rendered /Users/yachilee/.gem/ruby/2.6.0/gems/actionpack-4.2.10/lib/action_dispatch/middleware/templates/routes/_route.html.erb (0.6ms)
  Rendered /Users/yachilee/.gem/ruby/2.6.0/gems/actionpack-4.2.10/lib/action_dispatch/middleware/templates/routes/_table.html.erb (8.2ms)
  Rendered /Users/yachilee/.gem/ruby/2.6.0/gems/actionpack-4.2.10/lib/action_dispatch/middleware/templates/rescues/_request_and_response.html.erb (6.4ms)
  Rendered /Users/yachilee/.gem/ruby/2.6.0/gems/actionpack-4.2.10/lib/action_dispatch/middleware/templates/rescues/routing_error.html.erb within rescues/layout (29.8ms)


Started GET "/dresses" for 127.0.0.1 at 2022-10-27 15:47:31 -0400

ActionController::RoutingError (No route matches [GET] "/dresses"):
  actionpack (4.2.10) lib/action_dispatch/middleware/debug_exceptions.rb:21:in `call'
  actionpack (4.2.10) lib/action_dispatch/middleware/show_exceptions.rb:30:in `call'
  railties (4.2.10) lib/rails/rack/logger.rb:38:in `call_app'
  railties (4.2.10) lib/rails/rack/logger.rb:20:in `block in call'
  activesupport (4.2.10) lib/active_support/tagged_logging.rb:68:in `block in tagged'
  activesupport (4.2.10) lib/active_support/tagged_logging.rb:26:in `tagged'
  activesupport (4.2.10) lib/active_support/tagged_logging.rb:68:in `tagged'
  railties (4.2.10) lib/rails/rack/logger.rb:20:in `call'
  actionpack (4.2.10) lib/action_dispatch/middleware/request_id.rb:21:in `call'
  rack (1.6.10) lib/rack/methodoverride.rb:22:in `call'
  rack (1.6.10) lib/rack/runtime.rb:18:in `call'
  activesupport (4.2.10) lib/active_support/cache/strategy/local_cache_middleware.rb:28:in `call'
  rack (1.6.10) lib/rack/lock.rb:17:in `call'
  actionpack (4.2.10) lib/action_dispatch/middleware/static.rb:120:in `call'
  rack (1.6.10) lib/rack/sendfile.rb:113:in `call'
  railties (4.2.10) lib/rails/engine.rb:518:in `call'
  railties (4.2.10) lib/rails/application.rb:165:in `call'
  railties (4.2.10) lib/rails/railtie.rb:194:in `public_send'
  railties (4.2.10) lib/rails/railtie.rb:194:in `method_missing'
  rack (1.6.10) lib/rack/tempfile_reaper.rb:15:in `call'
  rack (1.6.10) lib/rack/lint.rb:49:in `_call'
  rack (1.6.10) lib/rack/lint.rb:37:in `call'
  rack (1.6.10) lib/rack/showexceptions.rb:24:in `call'
  rack (1.6.10) lib/rack/commonlogger.rb:33:in `call'
  rack (1.6.10) lib/rack/chunked.rb:54:in `call'
  rack (1.6.10) lib/rack/content_length.rb:15:in `call'
  rack (1.6.10) lib/rack/handler/webrick.rb:88:in `service'
  /Users/yachilee/.rbenv/versions/2.6.6/lib/ruby/2.6.0/webrick/httpserver.rb:140:in `service'
  /Users/yachilee/.rbenv/versions/2.6.6/lib/ruby/2.6.0/webrick/httpserver.rb:96:in `run'
  /Users/yachilee/.rbenv/versions/2.6.6/lib/ruby/2.6.0/webrick/server.rb:307:in `block in start_thread'


  Rendered /Users/yachilee/.gem/ruby/2.6.0/gems/actionpack-4.2.10/lib/action_dispatch/middleware/templates/rescues/_trace.html.erb (0.9ms)
  Rendered /Users/yachilee/.gem/ruby/2.6.0/gems/actionpack-4.2.10/lib/action_dispatch/middleware/templates/routes/_route.html.erb (0.5ms)
  Rendered /Users/yachilee/.gem/ruby/2.6.0/gems/actionpack-4.2.10/lib/action_dispatch/middleware/templates/routes/_table.html.erb (0.7ms)
  Rendered /Users/yachilee/.gem/ruby/2.6.0/gems/actionpack-4.2.10/lib/action_dispatch/middleware/templates/rescues/_request_and_response.html.erb (0.7ms)
  Rendered /Users/yachilee/.gem/ruby/2.6.0/gems/actionpack-4.2.10/lib/action_dispatch/middleware/templates/rescues/routing_error.html.erb within rescues/layout (12.2ms)


Started GET "/dresses" for 127.0.0.1 at 2022-10-27 15:47:32 -0400

ActionController::RoutingError (No route matches [GET] "/dresses"):
  actionpack (4.2.10) lib/action_dispatch/middleware/debug_exceptions.rb:21:in `call'
  actionpack (4.2.10) lib/action_dispatch/middleware/show_exceptions.rb:30:in `call'
  railties (4.2.10) lib/rails/rack/logger.rb:38:in `call_app'
  railties (4.2.10) lib/rails/rack/logger.rb:20:in `block in call'
  activesupport (4.2.10) lib/active_support/tagged_logging.rb:68:in `block in tagged'
  activesupport (4.2.10) lib/active_support/tagged_logging.rb:26:in `tagged'
  activesupport (4.2.10) lib/active_support/tagged_logging.rb:68:in `tagged'
  railties (4.2.10) lib/rails/rack/logger.rb:20:in `call'
  actionpack (4.2.10) lib/action_dispatch/middleware/request_id.rb:21:in `call'
  rack (1.6.10) lib/rack/methodoverride.rb:22:in `call'
  rack (1.6.10) lib/rack/runtime.rb:18:in `call'
  activesupport (4.2.10) lib/active_support/cache/strategy/local_cache_middleware.rb:28:in `call'
  rack (1.6.10) lib/rack/lock.rb:17:in `call'
  actionpack (4.2.10) lib/action_dispatch/middleware/static.rb:120:in `call'
  rack (1.6.10) lib/rack/sendfile.rb:113:in `call'
  railties (4.2.10) lib/rails/engine.rb:518:in `call'
  railties (4.2.10) lib/rails/application.rb:165:in `call'
  railties (4.2.10) lib/rails/railtie.rb:194:in `public_send'
  railties (4.2.10) lib/rails/railtie.rb:194:in `method_missing'
  rack (1.6.10) lib/rack/tempfile_reaper.rb:15:in `call'
  rack (1.6.10) lib/rack/lint.rb:49:in `_call'
  rack (1.6.10) lib/rack/lint.rb:37:in `call'
  rack (1.6.10) lib/rack/showexceptions.rb:24:in `call'
  rack (1.6.10) lib/rack/commonlogger.rb:33:in `call'
  rack (1.6.10) lib/rack/chunked.rb:54:in `call'
  rack (1.6.10) lib/rack/content_length.rb:15:in `call'
  rack (1.6.10) lib/rack/handler/webrick.rb:88:in `service'
  /Users/yachilee/.rbenv/versions/2.6.6/lib/ruby/2.6.0/webrick/httpserver.rb:140:in `service'
  /Users/yachilee/.rbenv/versions/2.6.6/lib/ruby/2.6.0/webrick/httpserver.rb:96:in `run'
  /Users/yachilee/.rbenv/versions/2.6.6/lib/ruby/2.6.0/webrick/server.rb:307:in `block in start_thread'


  Rendered /Users/yachilee/.gem/ruby/2.6.0/gems/actionpack-4.2.10/lib/action_dispatch/middleware/templates/rescues/_trace.html.erb (0.8ms)
  Rendered /Users/yachilee/.gem/ruby/2.6.0/gems/actionpack-4.2.10/lib/action_dispatch/middleware/templates/routes/_route.html.erb (0.6ms)
  Rendered /Users/yachilee/.gem/ruby/2.6.0/gems/actionpack-4.2.10/lib/action_dispatch/middleware/templates/routes/_table.html.erb (0.7ms)
  Rendered /Users/yachilee/.gem/ruby/2.6.0/gems/actionpack-4.2.10/lib/action_dispatch/middleware/templates/rescues/_request_and_response.html.erb (1.2ms)
  Rendered /Users/yachilee/.gem/ruby/2.6.0/gems/actionpack-4.2.10/lib/action_dispatch/middleware/templates/rescues/routing_error.html.erb within rescues/layout (13.4ms)


Started GET "/" for 127.0.0.1 at 2022-10-27 15:47:38 -0400


Started GET "/movies" for 127.0.0.1 at 2022-10-27 15:47:38 -0400
Processing by MoviesController#index as HTML
  Rendered movies/index.html.erb within layouts/application (0.6ms)
  Rendered layouts/_flash.erb (0.3ms)
Completed 200 OK in 384ms (Views: 363.3ms | ActiveRecord: 0.0ms)


Started GET "/search?utf8=%E2%9C%93&search=123" for 127.0.0.1 at 2022-10-27 15:47:42 -0400
Processing by MoviesController#search as HTML
  Parameters: {"utf8"=>"✓", "search"=>"123"}
  Rendered movies/search.erb within layouts/application (0.4ms)
  Rendered layouts/_flash.erb (0.1ms)
Completed 200 OK in 11ms (Views: 11.0ms | ActiveRecord: 0.0ms)
